#
# There is insufficient memory for the Java Runtime Environment to continue.
# Native memory allocation (mmap) failed to map 4128768 bytes. Error detail: G1 virtual space
# Possible reasons:
#   The system is out of physical RAM or swap space
#   This process is running with CompressedOops enabled, and the Java Heap may be blocking the growth of the native heap
# Possible solutions:
#   Reduce memory load on the system
#   Increase physical memory or swap space
#   Check if swap backing store is full
#   Decrease Java heap size (-Xmx/-Xms)
#   Decrease number of Java threads
#   Decrease Java thread stack sizes (-Xss)
#   Set larger code cache with -XX:ReservedCodeCacheSize=
#   JVM is running with Zero Based Compressed Oops mode in which the Java heap is
#     placed in the first 32GB address space. The Java Heap base address is the
#     maximum limit for the native heap growth. Please use -XX:HeapBaseMinAddress
#     to set the Java Heap base and to place the Java Heap above 32GB virtual address.
# This output file may be truncated or incomplete.
#
#  Out of Memory Error (os_windows.cpp:3618), pid=7144, tid=6240
#
# JRE version:  (17.0.14+7) (build )
# Java VM: OpenJDK 64-Bit Server VM (17.0.14+7, mixed mode, sharing, tiered, compressed oops, compressed class ptrs, g1 gc, windows-amd64)
# No core dump will be written. Minidumps are not enabled by default on client versions of Windows
#

---------------  S U M M A R Y ------------

Command Line: -javaagent:C:\Program Files\JetBrains\IntelliJ IDEA Community Edition 2025.1\lib\idea_rt.jar=54173 -Dfile.encoding=UTF-8 cardGame.CardGame

Host: 13th Gen Intel(R) Core(TM) i5-1335U, 12 cores, 15G,  Windows 11 , 64 bit Build 26100 (10.0.26100.3775)
Time: Thu May  1 17:31:46 2025  Windows 11 , 64 bit Build 26100 (10.0.26100.3775) elapsed time: 1.062796 seconds (0d 0h 0m 1s)

---------------  T H R E A D  ---------------

Current thread (0x0000013629a44200):  JavaThread "Unknown thread" [_thread_in_vm, id=6240, stack(0x0000000d5c700000,0x0000000d5c800000)]

Stack: [0x0000000d5c700000,0x0000000d5c800000]
Native frames: (J=compiled Java code, j=interpreted, Vv=VM code, C=native code)
V  [jvm.dll+0x682eb9]
V  [jvm.dll+0x8399c8]
V  [jvm.dll+0x83b473]
V  [jvm.dll+0x83bae3]
V  [jvm.dll+0x24715f]
V  [jvm.dll+0x67fc99]
V  [jvm.dll+0x674b8a]
V  [jvm.dll+0x304c06]
V  [jvm.dll+0x30c0c6]
V  [jvm.dll+0x35dc53]
V  [jvm.dll+0x35de7d]
V  [jvm.dll+0x2dbfcc]
V  [jvm.dll+0x2dcee4]
V  [jvm.dll+0x80b8db]
V  [jvm.dll+0x36b671]
V  [jvm.dll+0x7ea2cf]
V  [jvm.dll+0x3f226f]
V  [jvm.dll+0x3f3da1]
C  [jli.dll+0x5278]
C  [ucrtbase.dll+0x37b0]
C  [KERNEL32.DLL+0x2e8d7]
C  [ntdll.dll+0xb14fc]


---------------  P R O C E S S  ---------------

Threads class SMR info:
_java_thread_list=0x00007ff84ec87f58, length=0, elements={
}

Java Threads: ( => current thread )

Other Threads:
  0x0000013629ab1a10 GCTaskThread "GC Thread#0" [stack: 0x0000000d5c800000,0x0000000d5c900000] [id=3980]
  0x0000013629ac26c0 ConcurrentGCThread "G1 Main Marker" [stack: 0x0000000d5c900000,0x0000000d5ca00000] [id=10912]
  0x0000013629ac6b10 ConcurrentGCThread "G1 Conc#0" [stack: 0x0000000d5ca00000,0x0000000d5cb00000] [id=17652]

[error occurred during error reporting (printing all threads), id 0xc0000005, EXCEPTION_ACCESS_VIOLATION (0xc0000005) at pc=0x00007ff84e43caf7]

VM state: not at safepoint (not fully initialized)

VM Mutex/Monitor currently owned by a thread:  ([mutex/lock_event])
[0x0000013629a3f160] Heap_lock - owner thread: 0x0000013629a44200

Heap address: 0x0000000704000000, size: 4032 MB, Compressed Oops mode: Zero based, Oop shift amount: 3

CDS archive(s) mapped at: [0x0000000000000000-0x0000000000000000-0x0000000000000000), size 0, SharedBaseAddress: 0x0000000800000000, ArchiveRelocationMode: 1.
Narrow klass base: 0x0000000000000000, Narrow klass shift: 0, Narrow klass range: 0x0

GC Precious Log:
<Empty>

Heap:
 garbage-first heap   total 0K, used 0K [0x0000000704000000, 0x0000000800000000)
  region size 2048K, 0 young (0K), 0 survivors (0K)

[error occurred during error reporting (printing heap information), id 0xc0000005, EXCEPTION_ACCESS_VIOLATION (0xc0000005) at pc=0x00007ff84e82c619]

GC Heap History (0 events):
No events

Dll operation events (1 events):
Event: 0.011 Loaded shared library C:\Program Files\Eclipse Adoptium\jdk-17.0.14.7-hotspot\bin\java.dll

Deoptimization events (0 events):
No events

Classes loaded (0 events):
No events

Classes unloaded (0 events):
No events

Classes redefined (0 events):
No events

Internal exceptions (0 events):
No events

VM Operations (0 events):
No events

Memory protections (0 events):
No events

Nmethod flushes (0 events):
No events

Events (0 events):
No events


Dynamic libraries:
0x00007ff7327f0000 - 0x00007ff7327fe000 	C:\Program Files\Eclipse Adoptium\jdk-17.0.14.7-hotspot\bin\java.exe
0x00007ff90bcc0000 - 0x00007ff90bf20000 	C:\WINDOWS\SYSTEM32\ntdll.dll
0x00007ff90acf0000 - 0x00007ff90adb7000 	C:\WINDOWS\System32\KERNEL32.DLL
0x00007ff909180000 - 0x00007ff90954a000 	C:\WINDOWS\System32\KERNELBASE.dll
0x00007ff909770000 - 0x00007ff9098bb000 	C:\WINDOWS\System32\ucrtbase.dll
0x00007ff8dc2e0000 - 0x00007ff8dc2fe000 	C:\Program Files\Eclipse Adoptium\jdk-17.0.14.7-hotspot\bin\VCRUNTIME140.dll
0x00007ff8dc5e0000 - 0x00007ff8dc5f7000 	C:\Program Files\Eclipse Adoptium\jdk-17.0.14.7-hotspot\bin\jli.dll
0x00007ff90a560000 - 0x00007ff90a72c000 	C:\WINDOWS\System32\USER32.dll
0x00007ff8f1ce0000 - 0x00007ff8f1f77000 	C:\WINDOWS\WinSxS\amd64_microsoft.windows.common-controls_6595b64144ccf1df_6.0.26100.3624_none_3e086962e3345f24\COMCTL32.dll
0x00007ff908f60000 - 0x00007ff908f87000 	C:\WINDOWS\System32\win32u.dll
0x00007ff90a4b0000 - 0x00007ff90a559000 	C:\WINDOWS\System32\msvcrt.dll
0x00007ff90a910000 - 0x00007ff90a93a000 	C:\WINDOWS\System32\GDI32.dll
0x00007ff908f90000 - 0x00007ff9090c1000 	C:\WINDOWS\System32\gdi32full.dll
0x00007ff9090d0000 - 0x00007ff909173000 	C:\WINDOWS\System32\msvcp_win.dll
0x00007ff90a940000 - 0x00007ff90a96f000 	C:\WINDOWS\System32\IMM32.DLL
0x00007ff903820000 - 0x00007ff90382c000 	C:\Program Files\Eclipse Adoptium\jdk-17.0.14.7-hotspot\bin\vcruntime140_1.dll
0x00007ff8be3b0000 - 0x00007ff8be43d000 	C:\Program Files\Eclipse Adoptium\jdk-17.0.14.7-hotspot\bin\msvcp140.dll
0x00007ff84e150000 - 0x00007ff84edbb000 	C:\Program Files\Eclipse Adoptium\jdk-17.0.14.7-hotspot\bin\server\jvm.dll
0x00007ff909ec0000 - 0x00007ff909f72000 	C:\WINDOWS\System32\ADVAPI32.dll
0x00007ff90a9b0000 - 0x00007ff90aa56000 	C:\WINDOWS\System32\sechost.dll
0x00007ff909c80000 - 0x00007ff909d96000 	C:\WINDOWS\System32\RPCRT4.dll
0x00007ff90ab80000 - 0x00007ff90abf4000 	C:\WINDOWS\System32\WS2_32.dll
0x00007ff908d10000 - 0x00007ff908d6e000 	C:\WINDOWS\SYSTEM32\POWRPROF.dll
0x00007ff8ffd10000 - 0x00007ff8ffd46000 	C:\WINDOWS\SYSTEM32\WINMM.dll
0x00007ff8f3370000 - 0x00007ff8f337b000 	C:\WINDOWS\SYSTEM32\VERSION.dll
0x00007ff908cf0000 - 0x00007ff908d04000 	C:\WINDOWS\SYSTEM32\UMPDC.dll
0x00007ff907c70000 - 0x00007ff907c8a000 	C:\WINDOWS\SYSTEM32\kernel.appcore.dll
0x00007ff8f7ac0000 - 0x00007ff8f7aca000 	C:\Program Files\Eclipse Adoptium\jdk-17.0.14.7-hotspot\bin\jimage.dll
0x00007ff9064f0000 - 0x00007ff906731000 	C:\WINDOWS\SYSTEM32\DBGHELP.DLL
0x00007ff909f80000 - 0x00007ff90a302000 	C:\WINDOWS\System32\combase.dll
0x00007ff90b700000 - 0x00007ff90b7d6000 	C:\WINDOWS\System32\OLEAUT32.dll
0x00007ff898180000 - 0x00007ff8981b9000 	C:\WINDOWS\SYSTEM32\dbgcore.DLL
0x00007ff9096d0000 - 0x00007ff909769000 	C:\WINDOWS\System32\bcryptPrimitives.dll
0x00007ff8f4e40000 - 0x00007ff8f4e4e000 	C:\Program Files\Eclipse Adoptium\jdk-17.0.14.7-hotspot\bin\instrument.dll
0x00007ff8db4f0000 - 0x00007ff8db515000 	C:\Program Files\Eclipse Adoptium\jdk-17.0.14.7-hotspot\bin\java.dll

dbghelp: loaded successfully - version: 4.0.5 - missing functions: none
symbol engine: initialized successfully - sym options: 0x614 - pdb path: .;C:\Program Files\Eclipse Adoptium\jdk-17.0.14.7-hotspot\bin;C:\WINDOWS\SYSTEM32;C:\WINDOWS\WinSxS\amd64_microsoft.windows.common-controls_6595b64144ccf1df_6.0.26100.3624_none_3e086962e3345f24;C:\Program Files\Eclipse Adoptium\jdk-17.0.14.7-hotspot\bin\server

VM Arguments:
jvm_args: -javaagent:C:\Program Files\JetBrains\IntelliJ IDEA Community Edition 2025.1\lib\idea_rt.jar=54173 -Dfile.encoding=UTF-8 
java_command: cardGame.CardGame
java_class_path (initial): C:\Users\user\IdeaProjects\ch02\out\production\ch02
Launcher Type: SUN_STANDARD

[Global flags]
     intx CICompilerCount                          = 4                                         {product} {ergonomic}
     uint ConcGCThreads                            = 3                                         {product} {ergonomic}
     uint G1ConcRefinementThreads                  = 10                                        {product} {ergonomic}
   size_t G1HeapRegionSize                         = 2097152                                   {product} {ergonomic}
    uintx GCDrainStackTargetSize                   = 64                                        {product} {ergonomic}
   size_t InitialHeapSize                          = 264241152                                 {product} {ergonomic}
   size_t MarkStackSize                            = 4194304                                   {product} {ergonomic}
   size_t MaxHeapSize                              = 4227858432                                {product} {ergonomic}
   size_t MinHeapDeltaBytes                        = 2097152                                   {product} {ergonomic}
   size_t MinHeapSize                              = 8388608                                   {product} {ergonomic}
    uintx NonNMethodCodeHeapSize                   = 5839372                                {pd product} {ergonomic}
    uintx NonProfiledCodeHeapSize                  = 122909434                              {pd product} {ergonomic}
    uintx ProfiledCodeHeapSize                     = 122909434                              {pd product} {ergonomic}
    uintx ReservedCodeCacheSize                    = 251658240                              {pd product} {ergonomic}
     bool SegmentedCodeCache                       = true                                      {product} {ergonomic}
   size_t SoftMaxHeapSize                          = 4227858432                             {manageable} {ergonomic}
     bool UseCompressedClassPointers               = true                           {product lp64_product} {ergonomic}
     bool UseCompressedOops                        = true                           {product lp64_product} {ergonomic}
     bool UseG1GC                                  = true                                      {product} {ergonomic}
     bool UseLargePagesIndividualAllocation        = false                                  {pd product} {ergonomic}

Logging:
Log output configuration:
 #0: stdout all=warning uptime,level,tags
 #1: stderr all=off uptime,level,tags

Environment Variables:
JAVA_HOME=C:\Program Files\Eclipse Adoptium\jdk-17.0.14.7-hotspot\
PATH=C:\app\user\product\21c\dbhomeXE\bin;C:\Program Files\Eclipse Adoptium\jdk-17.0.14.7-hotspot\bin;C:\WINDOWS\system32;C:\WINDOWS;C:\WINDOWS\System32\Wbem;C:\WINDOWS\System32\WindowsPowerShell\v1.0\;C:\WINDOWS\System32\OpenSSH\;C:\Program Files\Git\cmd;C:\Program Files\Eclipse Adoptium\jdk-17.0.14.7-hotspot\bin;;C:\Program Files\Docker\Docker\resources\bin;C:\Users\user\AppData\Local\Microsoft\WindowsApps;C:\Users\user\AppData\Local\Programs\Microsoft VS Code\bin;
USERNAME=user
OS=Windows_NT
PROCESSOR_IDENTIFIER=Intel64 Family 6 Model 186 Stepping 3, GenuineIntel
TMP=C:\Users\user\AppData\Local\Temp
TEMP=C:\Users\user\AppData\Local\Temp



Periodic native trim disabled


---------------  S Y S T E M  ---------------

OS:
 Windows 11 , 64 bit Build 26100 (10.0.26100.3775)
OS uptime: 0 days 7:34 hours
Hyper-V role detected

CPU: total 12 (initial active 12) (6 cores per cpu, 2 threads per core) family 6 model 186 stepping 3 microcode 0x410e, cx8, cmov, fxsr, ht, mmx, 3dnowpref, sse, sse2, sse3, ssse3, sse4.1, sse4.2, popcnt, lzcnt, tsc, tscinvbit, avx, avx2, aes, erms, clmul, bmi1, bmi2, adx, sha, fma, vzeroupper, clflush, clflushopt, clwb, hv
Processor Information for all 12 processors :
  Max Mhz: 1300, Current Mhz: 1300, Mhz Limit: 1300

Memory: 4k page, system-wide physical 16122M (4262M free)
TotalPageFile size 19122M (AvailPageFile size 7M)
current process WorkingSet (physical memory assigned to process): 12M, peak: 12M
current process commit charge ("private bytes"): 317M, peak: 321M

vm_info: OpenJDK 64-Bit Server VM (17.0.14+7) for windows-amd64 JRE (17.0.14+7), built on Jan 21 2025 23:40:15 by "admin" with MS VC++ 17.7 (VS2022)

END.
